TN:
SF:src\game.jsx
FN:4,(anonymous_0)
FN:15,(anonymous_1)
FN:46,(anonymous_2)
FN:56,(anonymous_3)
FN:62,(anonymous_4)
FN:63,(anonymous_5)
FN:64,(anonymous_6)
FNF:7
FNH:6
FNDA:2,(anonymous_0)
FNDA:3,(anonymous_1)
FNDA:0,(anonymous_2)
FNDA:4,(anonymous_3)
FNDA:1,(anonymous_4)
FNDA:1,(anonymous_5)
FNDA:1,(anonymous_6)
DA:5,2
DA:6,2
DA:15,2
DA:16,3
DA:18,3
DA:19,2
DA:22,2
DA:23,0
DA:24,0
DA:26,2
DA:27,2
DA:28,1
DA:31,2
DA:37,2
DA:38,1
DA:46,2
DA:47,0
DA:57,4
DA:58,4
DA:62,1
DA:63,1
DA:64,1
LF:22
LH:19
BRDA:18,0,0,2
BRDA:18,0,1,1
BRDA:22,1,0,0
BRDA:22,1,1,2
BRDA:27,2,0,1
BRDA:27,2,1,1
BRDA:37,3,0,1
BRDA:37,3,1,1
BRDA:66,4,0,1
BRDA:66,4,1,3
BRDA:67,5,0,4
BRDA:67,5,1,1
BRF:12
BRH:11
end_of_record
TN:
SF:src\index.jsx
FN:6,(anonymous_0)
FNF:1
FNH:0
FNDA:0,(anonymous_0)
DA:7,0
DA:14,0
LF:2
LH:0
BRF:0
BRH:0
end_of_record
