{"C:\\Users\\tosun\\OneDrive\\Masaüstü\\odev02\\src\\index.js": {"path":"C:\\Users\\tosun\\OneDrive\\Masaüstü\\odev02\\src\\index.js","statementMap":{"0":{"start":{"line":3,"column":18},"end":{"line":3,"column":20}},"1":{"start":{"line":4,"column":0},"end":{"line":4,"column":37}},"2":{"start":{"line":5,"column":0},"end":{"line":5,"column":37}},"3":{"start":{"line":7,"column":15},"end":{"line":7,"column":40}},"4":{"start":{"line":9,"column":12},"end":{"line":9,"column":14}},"5":{"start":{"line":10,"column":15},"end":{"line":10,"column":20}},"6":{"start":{"line":11,"column":10},"end":{"line":11,"column":11}},"7":{"start":{"line":13,"column":27},"end":{"line":31,"column":1}},"8":{"start":{"line":14,"column":4},"end":{"line":30,"column":5}},"9":{"start":{"line":15,"column":8},"end":{"line":15,"column":32}},"10":{"start":{"line":17,"column":8},"end":{"line":23,"column":9}},"11":{"start":{"line":18,"column":26},"end":{"line":18,"column":62}},"12":{"start":{"line":19,"column":12},"end":{"line":19,"column":31}},"13":{"start":{"line":20,"column":12},"end":{"line":20,"column":28}},"14":{"start":{"line":22,"column":12},"end":{"line":22,"column":18}},"15":{"start":{"line":25,"column":8},"end":{"line":29,"column":9}},"16":{"start":{"line":26,"column":26},"end":{"line":26,"column":62}},"17":{"start":{"line":27,"column":12},"end":{"line":27,"column":31}},"18":{"start":{"line":28,"column":12},"end":{"line":28,"column":28}},"19":{"start":{"line":33,"column":29},"end":{"line":45,"column":1}},"20":{"start":{"line":34,"column":4},"end":{"line":34,"column":45}},"21":{"start":{"line":36,"column":4},"end":{"line":36,"column":47}},"22":{"start":{"line":38,"column":4},"end":{"line":38,"column":33}},"23":{"start":{"line":40,"column":4},"end":{"line":42,"column":5}},"24":{"start":{"line":41,"column":8},"end":{"line":41,"column":40}},"25":{"start":{"line":44,"column":4},"end":{"line":44,"column":40}}},"fnMap":{"0":{"name":"(anonymous_0)","decl":{"start":{"line":13,"column":27},"end":{"line":13,"column":28}},"loc":{"start":{"line":13,"column":36},"end":{"line":31,"column":1}},"line":13},"1":{"name":"(anonymous_1)","decl":{"start":{"line":33,"column":29},"end":{"line":33,"column":30}},"loc":{"start":{"line":33,"column":35},"end":{"line":45,"column":1}},"line":33}},"branchMap":{"0":{"loc":{"start":{"line":14,"column":4},"end":{"line":30,"column":5}},"type":"if","locations":[{"start":{"line":14,"column":4},"end":{"line":30,"column":5}},{"start":{"line":14,"column":4},"end":{"line":30,"column":5}}],"line":14},"1":{"loc":{"start":{"line":17,"column":8},"end":{"line":23,"column":9}},"type":"if","locations":[{"start":{"line":17,"column":8},"end":{"line":23,"column":9}},{"start":{"line":17,"column":8},"end":{"line":23,"column":9}}],"line":17},"2":{"loc":{"start":{"line":25,"column":8},"end":{"line":29,"column":9}},"type":"if","locations":[{"start":{"line":25,"column":8},"end":{"line":29,"column":9}},{"start":{"line":25,"column":8},"end":{"line":29,"column":9}}],"line":25}},"s":{"0":0,"1":0,"2":0,"3":0,"4":0,"5":0,"6":0,"7":0,"8":0,"9":0,"10":0,"11":0,"12":0,"13":0,"14":0,"15":0,"16":0,"17":0,"18":0,"19":0,"20":0,"21":0,"22":0,"23":0,"24":0,"25":0},"f":{"0":0,"1":0},"b":{"0":[0,0],"1":[0,0],"2":[0,0]}}
}
