{"C:\\Users\\tosun\\OneDrive\\Masaüstü\\odev04\\src\\game.jsx": {"path":"C:\\Users\\tosun\\OneDrive\\Masaüstü\\odev04\\src\\game.jsx","statementMap":{"0":{"start":{"line":5,"column":8},"end":{"line":5,"column":21}},"1":{"start":{"line":6,"column":8},"end":{"line":12,"column":9}},"2":{"start":{"line":15,"column":18},"end":{"line":44,"column":5}},"3":{"start":{"line":16,"column":57},"end":{"line":16,"column":67}},"4":{"start":{"line":18,"column":8},"end":{"line":43,"column":9}},"5":{"start":{"line":19,"column":31},"end":{"line":19,"column":40}},"6":{"start":{"line":22,"column":12},"end":{"line":30,"column":13}},"7":{"start":{"line":23,"column":16},"end":{"line":23,"column":56}},"8":{"start":{"line":24,"column":16},"end":{"line":24,"column":40}},"9":{"start":{"line":26,"column":16},"end":{"line":26,"column":56}},"10":{"start":{"line":27,"column":16},"end":{"line":29,"column":17}},"11":{"start":{"line":28,"column":20},"end":{"line":28,"column":45}},"12":{"start":{"line":31,"column":12},"end":{"line":35,"column":15}},"13":{"start":{"line":37,"column":12},"end":{"line":41,"column":13}},"14":{"start":{"line":38,"column":16},"end":{"line":40,"column":18}},"15":{"start":{"line":46,"column":14},"end":{"line":54,"column":5}},"16":{"start":{"line":47,"column":8},"end":{"line":53,"column":10}},"17":{"start":{"line":57,"column":33},"end":{"line":57,"column":43}},"18":{"start":{"line":58,"column":8},"end":{"line":72,"column":10}},"19":{"start":{"line":62,"column":66},"end":{"line":62,"column":85}},"20":{"start":{"line":63,"column":66},"end":{"line":63,"column":85}},"21":{"start":{"line":64,"column":66},"end":{"line":64,"column":85}}},"fnMap":{"0":{"name":"(anonymous_0)","decl":{"start":{"line":4,"column":4},"end":{"line":4,"column":5}},"loc":{"start":{"line":4,"column":23},"end":{"line":13,"column":5}},"line":4},"1":{"name":"(anonymous_1)","decl":{"start":{"line":15,"column":18},"end":{"line":15,"column":19}},"loc":{"start":{"line":15,"column":29},"end":{"line":44,"column":5}},"line":15},"2":{"name":"(anonymous_2)","decl":{"start":{"line":46,"column":14},"end":{"line":46,"column":15}},"loc":{"start":{"line":46,"column":20},"end":{"line":54,"column":5}},"line":46},"3":{"name":"(anonymous_3)","decl":{"start":{"line":56,"column":4},"end":{"line":56,"column":5}},"loc":{"start":{"line":56,"column":12},"end":{"line":73,"column":5}},"line":56},"4":{"name":"(anonymous_4)","decl":{"start":{"line":62,"column":61},"end":{"line":62,"column":62}},"loc":{"start":{"line":62,"column":65},"end":{"line":62,"column":86}},"line":62},"5":{"name":"(anonymous_5)","decl":{"start":{"line":63,"column":61},"end":{"line":63,"column":62}},"loc":{"start":{"line":63,"column":65},"end":{"line":63,"column":86}},"line":63},"6":{"name":"(anonymous_6)","decl":{"start":{"line":64,"column":61},"end":{"line":64,"column":62}},"loc":{"start":{"line":64,"column":65},"end":{"line":64,"column":86}},"line":64}},"branchMap":{"0":{"loc":{"start":{"line":18,"column":8},"end":{"line":43,"column":9}},"type":"if","locations":[{"start":{"line":18,"column":8},"end":{"line":43,"column":9}},{"start":{"line":18,"column":8},"end":{"line":43,"column":9}}],"line":18},"1":{"loc":{"start":{"line":22,"column":12},"end":{"line":30,"column":13}},"type":"if","locations":[{"start":{"line":22,"column":12},"end":{"line":30,"column":13}},{"start":{"line":22,"column":12},"end":{"line":30,"column":13}}],"line":22},"2":{"loc":{"start":{"line":27,"column":16},"end":{"line":29,"column":17}},"type":"if","locations":[{"start":{"line":27,"column":16},"end":{"line":29,"column":17}},{"start":{"line":27,"column":16},"end":{"line":29,"column":17}}],"line":27},"3":{"loc":{"start":{"line":37,"column":12},"end":{"line":41,"column":13}},"type":"if","locations":[{"start":{"line":37,"column":12},"end":{"line":41,"column":13}},{"start":{"line":37,"column":12},"end":{"line":41,"column":13}}],"line":37},"4":{"loc":{"start":{"line":66,"column":24},"end":{"line":66,"column":93}},"type":"cond-expr","locations":[{"start":{"line":66,"column":31},"end":{"line":66,"column":37}},{"start":{"line":66,"column":38},"end":{"line":66,"column":93}}],"line":66},"5":{"loc":{"start":{"line":67,"column":21},"end":{"line":69,"column":24}},"type":"binary-expr","locations":[{"start":{"line":67,"column":21},"end":{"line":67,"column":27}},{"start":{"line":67,"column":31},"end":{"line":69,"column":24}}],"line":67}},"s":{"0":2,"1":2,"2":2,"3":3,"4":3,"5":2,"6":2,"7":1,"8":1,"9":1,"10":1,"11":0,"12":2,"13":2,"14":1,"15":2,"16":0,"17":4,"18":4,"19":1,"20":1,"21":1},"f":{"0":2,"1":3,"2":0,"3":4,"4":1,"5":1,"6":1},"b":{"0":[2,1],"1":[1,1],"2":[0,1],"3":[1,1],"4":[1,3],"5":[4,1]},"_coverageSchema":"1a1c01bbd47fc00a2c39e90264f33305004495a9","hash":"fb95739044b4cc4b966af7ebd2fa55137f811e1d"}
,"C:\\Users\\tosun\\OneDrive\\Masaüstü\\odev04\\src\\index.jsx": {"path":"C:\\Users\\tosun\\OneDrive\\Masaüstü\\odev04\\src\\index.jsx","statementMap":{"0":{"start":{"line":7,"column":8},"end":{"line":11,"column":9}},"1":{"start":{"line":14,"column":0},"end":{"line":14,"column":58}}},"fnMap":{"0":{"name":"(anonymous_0)","decl":{"start":{"line":6,"column":4},"end":{"line":6,"column":5}},"loc":{"start":{"line":6,"column":13},"end":{"line":12,"column":5}},"line":6}},"branchMap":{},"s":{"0":0,"1":0},"f":{"0":0},"b":{}}
}
